<?xml version="1.0" encoding="UTF-8"?>
<!-- Generated by org.testng.reporters.JUnitXMLReporter -->
<testsuite hostname="Poonams-MacBook-Air.local" ignored="4" name="GroupingTest-PreloginPage" tests="1" failures="0" timestamp="2019-11-03T16:36:49 EST" time="0.082" errors="0">
  <testcase name="preloginPageTest" time="0.014" classname="firsttestngpackage.PreloginPageTest"/>
  <testcase name="validateTabs" time="0.0" classname="firsttestngpackage.PreloginPageTest">
    <ignored/>
  </testcase> <!-- validateTabs -->
  <testcase name="validateUrl" time="0.0" classname="firsttestngpackage.PreloginPageTest">
    <ignored/>
  </testcase> <!-- validateUrl -->
  <testcase name="validateHeaderFooter" time="0.0" classname="firsttestngpackage.PreloginPageTest">
    <ignored/>
  </testcase> <!-- validateHeaderFooter -->
  <testcase name="validateLogo" time="0.0" classname="firsttestngpackage.PreloginPageTest">
    <ignored/>
  </testcase> <!-- validateLogo -->
</testsuite> <!-- GroupingTest-PreloginPage -->
