<?xml version="1.0" encoding="UTF-8"?>
<!-- Generated by org.testng.reporters.JUnitXMLReporter -->
<testsuite hostname="Poonams-MacBook-Air.local" ignored="5" tests="0" failures="0" timestamp="12 Sep 2019 14:01:37 GMT" time="0.081" errors="0">
  <testcase name="validateTabs" time="0.0" classname="firsttestngpackage.PreloginPageTest">
    <ignored/>
  </testcase> <!-- validateTabs -->
  <testcase name="validateUrl" time="0.0" classname="firsttestngpackage.PreloginPageTest">
    <ignored/>
  </testcase> <!-- validateUrl -->
  <testcase name="validateHeaderFooter" time="0.0" classname="firsttestngpackage.PreloginPageTest">
    <ignored/>
  </testcase> <!-- validateHeaderFooter -->
  <testcase name="preloginPageTest" time="0.0" classname="firsttestngpackage.PreloginPageTest">
    <ignored/>
  </testcase> <!-- preloginPageTest -->
  <testcase name="validateLogo" time="0.0" classname="firsttestngpackage.PreloginPageTest">
    <ignored/>
  </testcase> <!-- validateLogo -->
</testsuite>
