<?xml version="1.0" encoding="UTF-8"?>
<!-- Generated by org.testng.reporters.JUnitXMLReporter -->
<testsuite hostname="Poonams-MacBook-Air.local" ignored="6" tests="0" failures="0" timestamp="12 Sep 2019 14:01:38 GMT" time="0.001" errors="0">
  <testcase name="loginPageTest" time="0.0" classname="firsttestngpackage.LoginPageTest">
    <ignored/>
  </testcase> <!-- loginPageTest -->
  <testcase name="valiadteUsernameField" time="0.0" classname="firsttestngpackage.LoginPageTest">
    <ignored/>
  </testcase> <!-- valiadteUsernameField -->
  <testcase name="validateLoginBUttonField" time="0.0" classname="firsttestngpackage.LoginPageTest">
    <ignored/>
  </testcase> <!-- validateLoginBUttonField -->
  <testcase name="valiadtePasswordField" time="0.0" classname="firsttestngpackage.LoginPageTest">
    <ignored/>
  </testcase> <!-- valiadtePasswordField -->
  <testcase name="validateForgetPassowrdField" time="0.0" classname="firsttestngpackage.LoginPageTest">
    <ignored/>
  </testcase> <!-- validateForgetPassowrdField -->
  <testcase name="validateRememberPasswordChrckboxField" time="0.0" classname="firsttestngpackage.LoginPageTest">
    <ignored/>
  </testcase> <!-- validateRememberPasswordChrckboxField -->
</testsuite>
