<?xml version="1.0" encoding="UTF-8"?>
<!-- Generated by org.testng.reporters.JUnitXMLReporter -->
<testsuite hostname="Poonams-MacBook-Air.local" ignored="5" name="GroupingTest-LoginPage" tests="1" failures="0" timestamp="2019-09-29T17:07:37 EDT" time="0.005" errors="0">
  <testcase name="loginPageTest" time="0.002" classname="firsttestngpackage.LoginPageTest"/>
  <testcase name="valiadteUsernameField" time="0.0" classname="firsttestngpackage.LoginPageTest">
    <ignored/>
  </testcase> <!-- valiadteUsernameField -->
  <testcase name="validateLoginBUttonField" time="0.0" classname="firsttestngpackage.LoginPageTest">
    <ignored/>
  </testcase> <!-- validateLoginBUttonField -->
  <testcase name="valiadtePasswordField" time="0.0" classname="firsttestngpackage.LoginPageTest">
    <ignored/>
  </testcase> <!-- valiadtePasswordField -->
  <testcase name="validateForgetPassowrdField" time="0.0" classname="firsttestngpackage.LoginPageTest">
    <ignored/>
  </testcase> <!-- validateForgetPassowrdField -->
  <testcase name="validateRememberPasswordChrckboxField" time="0.0" classname="firsttestngpackage.LoginPageTest">
    <ignored/>
  </testcase> <!-- validateRememberPasswordChrckboxField -->
</testsuite> <!-- GroupingTest-LoginPage -->
