<?xml version="1.0" encoding="UTF-8"?>
<!-- Generated by org.testng.reporters.JUnitXMLReporter -->
<testsuite hostname="Poonams-MacBook-Air.local" ignored="1" name="GroupingTest-PreloginPage" tests="4" failures="0" timestamp="2019-09-29T10:56:06 EDT" time="0.539" errors="0">
  <testcase name="validateHeaderFooter" time="0.181" classname="firsttestngpackage.PreloginPageTest"/>
  <testcase name="validateLogo" time="0.007" classname="firsttestngpackage.PreloginPageTest"/>
  <testcase name="validateTabs" time="0.002" classname="firsttestngpackage.PreloginPageTest"/>
  <testcase name="validateUrl" time="0.002" classname="firsttestngpackage.PreloginPageTest"/>
  <testcase name="preloginPageTest" time="0.0" classname="firsttestngpackage.PreloginPageTest">
    <ignored/>
  </testcase> <!-- preloginPageTest -->
</testsuite> <!-- GroupingTest-PreloginPage -->
