<?xml version="1.0" encoding="UTF-8"?>
<!-- Generated by org.testng.reporters.JUnitXMLReporter -->
<testsuite hostname="Poonams-MacBook-Air.local" ignored="1" name="GroupingTest-PreloginPage" tests="4" failures="0" timestamp="2019-10-01T12:55:00 EDT" time="0.242" errors="0">
  <testcase name="validateHeaderFooter" time="0.072" classname="firsttestngpackage.PreloginPageTest"/>
  <testcase name="validateLogo" time="0.003" classname="firsttestngpackage.PreloginPageTest"/>
  <testcase name="validateTabs" time="0.002" classname="firsttestngpackage.PreloginPageTest"/>
  <testcase name="validateUrl" time="0.001" classname="firsttestngpackage.PreloginPageTest"/>
  <testcase name="preloginPageTest" time="0.0" classname="firsttestngpackage.PreloginPageTest">
    <ignored/>
  </testcase> <!-- preloginPageTest -->
</testsuite> <!-- GroupingTest-PreloginPage -->
