<?xml version="1.0" encoding="UTF-8"?>
<testsuite xmlns:xsi="http://www.w3.org/2001/XMLSchema-instance" xsi:noNamespaceSchemaLocation="https://maven.apache.org/surefire/maven-surefire-plugin/xsd/surefire-test-report.xsd" name="TestSuite" time="3.382" tests="5" errors="0" skipped="0" failures="0">
  <properties>
[...]
</properties>
  <testcase name="validateHeaderFooter" classname="firsttestngpackage.PreloginPageTest" time="0.04"/>
  <testcase name="validateLogo" classname="firsttestngpackage.PreloginPageTest" time="0"/>
  <testcase name="validateTabs" classname="firsttestngpackage.PreloginPageTest" time="0.001"/>
  <testcase name="validateUrl" classname="firsttestngpackage.PreloginPageTest" time="0.001"/>
  <testcase name="loginPageTest" classname="firsttestngpackage.LoginPageTest" time="0.001"/>
</testsuite>