<?xml version="1.0" encoding="UTF-8"?>
<!-- Generated by org.testng.reporters.JUnitXMLReporter -->
<testsuite hostname="Poonams-MacBook-Air.local" ignored="3" tests="0" failures="0" timestamp="2019-11-03T16:36:48 EST" time="0.051" errors="0">
  <testcase name="SignIn" time="0.0" classname="firsttestngpackage.FirstTestNGFile">
    <ignored/>
  </testcase> <!-- SignIn -->
  <testcase name="gotoURL" time="0.0" classname="firsttestngpackage.FirstTestNGFile">
    <ignored/>
  </testcase> <!-- gotoURL -->
  <testcase name="Suite2Test1" time="0.0" classname="firsttestngpackage.FirstTestNGFile">
    <ignored/>
  </testcase> <!-- Suite2Test1 -->
</testsuite>
