<?xml version="1.0" encoding="UTF-8"?>
<testng-results skipped="0" failed="0" ignored="0" total="2" passed="2">
  <reporter-output>
  </reporter-output>
  <suite name="Default suite" duration-ms="10890" started-at="2017-11-27T19:54:46Z" finished-at="2017-11-27T19:54:57Z">
    <groups>
    </groups>
    <test name="Default test" duration-ms="10890" started-at="2017-11-27T19:54:46Z" finished-at="2017-11-27T19:54:57Z">
      <class name="firsttestngpackage.FirstTestNGFile">
        <test-method status="PASS" signature="setUp()[pri:0, instance:firsttestngpackage.FirstTestNGFile@3ae91ab3]" name="setUp" is-config="true" duration-ms="35" started-at="2017-11-27T14:54:46Z" finished-at="2017-11-27T14:54:46Z">
          <reporter-output>
          </reporter-output>
        </test-method> <!-- setUp -->
        <test-method status="PASS" signature="gotoURL()[pri:1, instance:firsttestngpackage.FirstTestNGFile@3ae91ab3]" name="gotoURL" duration-ms="4710" started-at="2017-11-27T14:54:46Z" finished-at="2017-11-27T14:54:51Z">
          <reporter-output>
          </reporter-output>
        </test-method> <!-- gotoURL -->
        <test-method status="PASS" signature="SignIn()[pri:2, instance:firsttestngpackage.FirstTestNGFile@3ae91ab3]" name="SignIn" duration-ms="5613" started-at="2017-11-27T14:54:51Z" finished-at="2017-11-27T14:54:56Z">
          <reporter-output>
          </reporter-output>
        </test-method> <!-- SignIn -->
        <test-method status="PASS" signature="afterTest()[pri:0, instance:firsttestngpackage.FirstTestNGFile@3ae91ab3]" name="afterTest" is-config="true" duration-ms="394" started-at="2017-11-27T14:54:56Z" finished-at="2017-11-27T14:54:57Z">
          <reporter-output>
          </reporter-output>
        </test-method> <!-- afterTest -->
      </class> <!-- firsttestngpackage.FirstTestNGFile -->
    </test> <!-- Default test -->
  </suite> <!-- Default suite -->
</testng-results>
