<?xml version="1.0" encoding="UTF-8"?>
<testsuite name="GroupingTest-PreloginPage"
           tests="4"
           failures="0"
           errors="0"
           skipped="0"
           time="0.208">
  <properties />
  
  
            <testcase name="validateHeaderFooter" time="0.203" classname="firsttestngpackage.PreloginPageTest" />
                <testcase name="validateUrl" time="0.002" classname="firsttestngpackage.PreloginPageTest" />
                <testcase name="validateTabs" time="0.002" classname="firsttestngpackage.PreloginPageTest" />
                <testcase name="validateLogo" time="0.001" classname="firsttestngpackage.PreloginPageTest" />
      
</testsuite>
